<?xml version="1.0" encoding="UTF-8"?>
<testsuite name="com.gabrielmarcos.config.storage.CatalogStorageTest" tests="1" skipped="0" failures="0" errors="0" timestamp="2022-01-20T22:23:59" hostname="PETMACSP2862.local" time="0.001">
  <properties/>
  <testcase name="assert nextUrlSkipParams initial value is zero" classname="com.gabrielmarcos.config.storage.CatalogStorageTest" time="0.001"/>
  <system-out><![CDATA[]]></system-out>
  <system-err><![CDATA[]]></system-err>
</testsuite>
